<?xml version="1.0" encoding="utf-8"?><testsuites name="pytest tests"><testsuite name="pytest" errors="0" failures="0" skipped="2" tests="609" time="5.188" timestamp="2026-09-02T21:05:18.489474+03:00" hostname="mkaracan.local"><testcase classname="" name="tests.test_ocr_preprocessing" time="0.000"><skipped message="collection skipped">('/Users/mkaracan/Projeler/context-vault/document-rag-platform/services/backend/tests/test_ocr_preprocessing.py', 21, "Skipped: could not import 'PIL': No module named 'PIL'")</skipped></testcase><testcase classname="tests.evals.test_eval_runner" name="test_runner_produces_report_dict" time="0.004" /><testcase classname="tests.evals.test_eval_runner" name="test_runner_writes_loggable_json" time="0.001" /><testcase classname="tests.evals.test_eval_runner" name="test_fake_retriever_is_deterministic_and_relevant" time="0.000" /><testcase classname="tests.evals.test_eval_runner" name="test_fake_retriever_returns_nothing_for_no_answer" time="0.000" /><testcase classname="tests.evals.test_eval_runner" name="test_full_fake_run_is_never_a_quality_claim" time="0.003" /><testcase classname="tests.evals.test_eval_runner" name="test_explicit_fake_components_are_never_a_quality_claim" time="0.003" /><testcase classname="tests.evals.test_generation_metrics" name="test_citation_coverage" time="0.000" /><testcase classname="tests.evals.test_generation_metrics" name="test_unsourced_claim_rate_is_complement" time="0.000" /><testcase classname="tests.evals.test_generation_metrics" name="test_citation_accuracy_no_fabrication" time="0.000" /><testcase classname="tests.evals.test_generation_metrics" name="test_citation_accuracy_fabrication_penalized" time="0.000" /><testcase classname="tests.evals.test_generation_metrics" name="test_citation_accuracy_none_cited" time="0.000" /><testcase classname="tests.evals.test_generation_metrics" name="test_answer_sufficiency" time="0.000" /><testcase classname="tests.evals.test_generation_metrics" name="test_contradictory_source_behavior_clean" time="0.000" /><testcase classname="tests.evals.test_generation_metrics" name="test_contradictory_source_behavior_both_cited_requires_hedge" time="0.000" /><testcase classname="tests.evals.test_generation_metrics" name="test_compute_generation_metrics" time="0.000" /><testcase classname="tests.evals.test_golden_dataset" name="test_dataset_exists" time="0.000" /><testcase classname="tests.evals.test_golden_dataset" name="test_dataset_has_at_least_50_items" time="0.000" /><testcase classname="tests.evals.test_golden_dataset" name="test_dataset_schema_valid" time="0.001" /><testcase classname="tests.evals.test_golden_dataset" name="test_dataset_ids_unique" time="0.000" /><testcase classname="tests.evals.test_golden_dataset" name="test_all_91_categories_present" time="0.000" /><testcase classname="tests.evals.test_golden_dataset" name="test_expected_category_coverage_report" time="0.000" /><testcase classname="tests.evals.test_metrics" name="test_recall_at_k" time="0.000" /><testcase classname="tests.evals.test_metrics" name="test_mrr_at_10" time="0.000" /><testcase classname="tests.evals.test_metrics" name="test_ndcg_at_10_perfect" time="0.000" /><testcase classname="tests.evals.test_metrics" name="test_ndcg_at_10_known_value" time="0.000" /><testcase classname="tests.evals.test_metrics" name="test_ndcg_at_10_no_relevant_is_zero" time="0.000" /><testcase classname="tests.evals.test_metrics" name="test_no_answer_fp_fn" time="0.000" /><testcase classname="tests.evals.test_metrics" name="test_latency_percentiles" time="0.000" /><testcase classname="tests.evals.test_metrics" name="test_latency_percentiles_single" time="0.000" /><testcase classname="tests.evals.test_metrics" name="test_latency_empty" time="0.000" /><testcase classname="tests.evals.test_metrics" name="test_compute_retrieval_metrics_aggregate" time="0.000" /><testcase classname="tests.evals.test_metrics" name="test_evaluate_quality_gate_pass" time="0.000" /><testcase classname="tests.evals.test_metrics" name="test_evaluate_quality_gate_fail_recall" time="0.000" /><testcase classname="tests.evals.test_metrics" name="test_evaluate_quality_gate_fail_mrr" time="0.000" /><testcase classname="tests.integration.test_database_contract" name="test_database_is_at_expected_v3_contract" time="0.050" /><testcase classname="tests.integration.test_identity_scope" name="test_api_key_cannot_enumerate_another_workspace" time="0.114" /><testcase classname="tests.integration.test_ingestion_control_plane" name="test_accept_dispatch_process_and_redelivery_are_idempotent" time="0.189" /><testcase classname="tests.integration.test_ingestion_control_plane" name="test_policy_outbox_lease_and_orphan_recovery_paths" time="0.122" /><testcase classname="tests.integration.test_ingestion_control_plane" name="test_commit_failure_leaves_only_a_sweepable_staging_orphan" time="0.031" /><testcase classname="tests.integration.test_ingestion_control_plane" name="test_reindex_uses_same_orchestrator_and_preserves_active_version_on_failure" time="0.302" /><testcase classname="tests.integration.test_ingestion_control_plane" name="test_delete_retention_citation_hold_and_gc_are_safe_and_idempotent" time="0.171" /><testcase classname="tests.integration.test_ingestion_control_plane" name="test_checkpoint_crash_retry_converges_without_duplicate_data[after_storing]" time="0.144" /><testcase classname="tests.integration.test_ingestion_control_plane" name="test_checkpoint_crash_retry_converges_without_duplicate_data[after_parsing]" time="0.152" /><testcase classname="tests.integration.test_ingestion_control_plane" name="test_checkpoint_crash_retry_converges_without_duplicate_data[after_embedding]" time="0.164" /><testcase classname="tests.integration.test_ingestion_control_plane" name="test_checkpoint_crash_retry_converges_without_duplicate_data[after_indexing]" time="0.191" /><testcase classname="tests.integration.test_ingestion_control_plane" name="test_checkpoint_crash_retry_converges_without_duplicate_data[after_activation]" time="0.202" /><testcase classname="tests.integration.test_ingestion_minio_e2e" name="test_real_postgres_and_minio_encrypted_ingestion_roundtrip" time="0.197" /><testcase classname="tests.integration.test_schema_invariants" name="test_database_rejects_cross_version_state_and_profile_violations" time="0.026" /><testcase classname="tests.integration.test_schema_invariants" name="test_concurrent_compare_and_swap_allows_one_active_version" time="0.033" /><testcase classname="tests.integration.test_structured_answer_persistence" name="test_citation_snapshot_survives_source_chunk_removal" time="0.044" /><testcase classname="tests.integration.test_typed_retrieval" name="test_all_retrievers_are_active_profile_and_project_scoped" time="0.049" /><testcase classname="tests.integration.test_typed_retrieval" name="test_pipeline_persists_content_free_run_and_immutable_provenance" time="0.040" /><testcase classname="tests.integration.test_typed_retrieval" name="test_vector_fts_and_trigram_indexes_are_plan_eligible" time="0.028" /><testcase classname="tests.test_answer_service" name="test_evidence_label_packaged_document_variant" time="0.000" /><testcase classname="tests.test_answer_service" name="test_evidence_code_variant_repository" time="0.000" /><testcase classname="tests.test_answer_service" name="test_build_prompt_keeps_evidence_out_of_system_instructions" time="0.000" /><testcase classname="tests.test_answer_service" name="test_no_answer_insufficient_evidence_does_not_call_model" time="0.000" /><testcase classname="tests.test_answer_service" name="test_answerable_but_no_usable_evidence_does_not_fabricate" time="0.000" /><testcase classname="tests.test_answer_service" name="test_smalltalk_handled_without_evidence" time="0.000" /><testcase classname="tests.test_answer_service" name="test_citations_persisted_with_correct_fields" time="0.001" /><testcase classname="tests.test_answer_service" name="test_response_contains_retrieval_debug_when_requested" time="0.002" /><testcase classname="tests.test_archive_source" name="test_normal_zip_extracts_and_scans" time="0.002" /><testcase classname="tests.test_archive_source" name="test_traversal_member_is_skipped" time="0.001" /><testcase classname="tests.test_archive_source" name="test_absolute_path_member_is_skipped" time="0.001" /><testcase classname="tests.test_archive_source" name="test_oversized_single_entry_is_skipped" time="0.001" /><testcase classname="tests.test_archive_source" name="test_archive_exceeding_total_bytes_raises" time="0.001" /><testcase classname="tests.test_archive_source" name="test_archive_exceeding_entry_count_raises" time="0.001" /><testcase classname="tests.test_auth_scope" name="test_api_key_authenticates_hash_only_and_membership" time="0.007" /><testcase classname="tests.test_auth_scope" name="test_api_key_rejects_missing_workspace_membership" time="0.063" /><testcase classname="tests.test_auth_scope" name="test_api_key_rejects_bad_or_missing_key_without_detail_leak" time="0.005" /><testcase classname="tests.test_auth_scope" name="test_auth_disabled_rejected_outside_loopback_local[production]" time="0.002" /><testcase classname="tests.test_auth_scope" name="test_auth_disabled_rejected_outside_loopback_local[staging]" time="0.002" /><testcase classname="tests.test_auth_scope" name="test_auth_disabled_rejected_outside_loopback_local[development]" time="0.002" /><testcase classname="tests.test_auth_scope" name="test_auth_disabled_rejects_non_loopback_bind_even_local" time="0.002" /><testcase classname="tests.test_auth_scope" name="test_runtime_rejects_missing_or_invalid_storage_encryption_key[None-encryption key is required]" time="0.002" /><testcase classname="tests.test_auth_scope" name="test_runtime_rejects_missing_or_invalid_storage_encryption_key[not-base64-not valid base64]" time="0.002" /><testcase classname="tests.test_auth_scope" name="test_runtime_rejects_missing_or_invalid_storage_encryption_key[c2hvcnQ=-decode to 32 bytes]" time="0.002" /><testcase classname="tests.test_auth_scope" name="test_production_rejects_default_storage_credentials" time="0.002" /><testcase classname="tests.test_auth_scope" name="test_production_requires_redis_backed_rate_limit" time="0.002" /><testcase classname="tests.test_auth_scope" name="test_debug_endpoint_is_closed_to_anonymous_and_non_admin" time="0.012" /><testcase classname="tests.test_chat_citations" name="test_chat_runtime_creates_conversation_and_persists_message_and_citations" time="0.001" /><testcase classname="tests.test_chat_citations" name="test_chat_runtime_creates_fresh_conversation_when_id_absent" time="0.000" /><testcase classname="tests.test_chat_citations" name="test_chat_runtime_honors_explicit_conversation_id" time="0.000" /><testcase classname="tests.test_chat_citations" name="test_feature_new_citations_false_skips_persistence_but_keeps_citations" time="0.001" /><testcase classname="tests.test_chat_citations" name="test_ensure_conversation_fails_closed_without_db_or_valid_project" time="0.000" /><testcase classname="tests.test_chat_citations" name="test_explicit_conversation_must_exist_in_project" time="0.000" /><testcase classname="tests.test_chat_citations" name="test_retrieval_debug_stages_shape_matches_frontend_contract" time="0.000" /><testcase classname="tests.test_chunkers" name="test_document_chunks_are_token_bounded_and_respect_unit_boundaries" time="0.001" /><testcase classname="tests.test_chunkers" name="test_document_chunks_respect_min_tokens_except_final_remainder" time="0.001" /><testcase classname="tests.test_chunkers" name="test_heading_context_in_embedding_text_but_not_raw_content" time="0.000" /><testcase classname="tests.test_chunkers" name="test_large_table_split_into_row_groups_with_repeated_header" time="0.001" /><testcase classname="tests.test_chunkers" name="test_small_table_kept_as_single_group" time="0.000" /><testcase classname="tests.test_chunkers" name="test_code_block_not_sliced_like_paragraph" time="0.000" /><testcase classname="tests.test_chunkers" name="test_parent_child_relationship_represented" time="0.001" /><testcase classname="tests.test_chunkers" name="test_sequence_no_is_monotonic" time="0.001" /><testcase classname="tests.test_chunkers" name="test_content_hash_is_stable_for_identical_content" time="0.000" /><testcase classname="tests.test_chunkers" name="test_registry_dispatches_table_code_and_document_by_unit_type" time="0.000" /><testcase classname="tests.test_chunkers" name="test_every_chunk_carries_chunker_profile_metadata" time="0.000" /><testcase classname="tests.test_clock_and_state" name="test_fixed_clock_is_deterministic_and_normalizes_to_utc" time="0.000" /><testcase classname="tests.test_clock_and_state" name="test_clock_rejects_naive_values" time="0.000" /><testcase classname="tests.test_clock_and_state" name="test_terminal_job_cannot_return_to_running" time="0.000" /><testcase classname="tests.test_code_parser" name="test_python_parses_to_code_normalized_source" time="0.003" /><testcase classname="tests.test_code_parser" name="test_python_symbol_units_have_names_and_line_ranges" time="0.001" /><testcase classname="tests.test_code_parser" name="test_round_trip_to_dict_from_dict" time="0.001" /><testcase classname="tests.test_code_parser" name="test_plsql_parse_detects_package_and_body_symbols" time="0.001" /><testcase classname="tests.test_code_parser" name="test_router_routes_code_extensions" time="0.186" /><testcase classname="tests.test_config" name="test_missing_database_url_raises_validation_error" time="0.002" /><testcase classname="tests.test_config" name="test_missing_litellm_api_key_raises_validation_error" time="0.002" /><testcase classname="tests.test_config" name="test_missing_both_required_fields_reports_both" time="0.002" /><testcase classname="tests.test_config" name="test_settings_construct_succeeds_with_required_fields_present" time="0.002" /><testcase classname="tests.test_config" name="test_available_chat_models_falls_back_to_chat_model" time="0.002" /><testcase classname="tests.test_config" name="test_available_chat_models_parses_comma_separated_list" time="0.001" /><testcase classname="tests.test_context_builder" name="test_parent_expansion_adds_parent_chunk" time="0.000" /><testcase classname="tests.test_context_builder" name="test_adjacent_expansion_adds_controlled_neighbours" time="0.000" /><testcase classname="tests.test_context_builder" name="test_dedup_same_content_not_repeated" time="0.000" /><testcase classname="tests.test_context_builder" name="test_dedup_expansion_not_repeated" time="0.000" /><testcase classname="tests.test_context_builder" name="test_token_budget_respected_with_fake_counter" time="0.000" /><testcase classname="tests.test_context_builder" name="test_chunk_cap_respected" time="0.000" /><testcase classname="tests.test_context_builder" name="test_table_header_context_included" time="0.000" /><testcase classname="tests.test_context_builder" name="test_table_header_not_duplicated_when_embedded" time="0.000" /><testcase classname="tests.test_context_builder" name="test_code_signature_context_included" time="0.000" /><testcase classname="tests.test_context_builder" name="test_deterministic_output" time="0.000" /><testcase classname="tests.test_context_builder" name="test_content_prefers_raw_over_embedding_text" time="0.000" /><testcase classname="tests.test_context_builder" name="test_accepts_generic_dict_candidates" time="0.000" /><testcase classname="tests.test_context_builder" name="test_scoped_neighbor_cannot_cross_project_or_version" time="0.000" /><testcase classname="tests.test_db_admission" name="test_init_db_accepts_exact_revision_without_ddl" time="0.000" /><testcase classname="tests.test_db_admission" name="test_init_db_rejects_revision_drift" time="0.000" /><testcase classname="tests.test_db_admission" name="test_init_db_rejects_unmanaged_database" time="0.000" /><testcase classname="tests.test_dense" name="test_candidate_k_defaults_to_config_override_injects" time="0.000" /><testcase classname="tests.test_dense" name="test_spec_candidate_k_uses_top_k_when_given" time="0.000" /><testcase classname="tests.test_dense" name="test_ef_search_configurable_hnsw" time="0.000" /><testcase classname="tests.test_dense" name="test_filters_applied_as_terms_in_spec" time="0.000" /><testcase classname="tests.test_dense" name="test_normalize_filters_ignores_unknown_keys" time="0.000" /><testcase classname="tests.test_dense" name="test_empty_document_ids_produces_deny_all_filter" time="0.000" /><testcase classname="tests.test_dense" name="test_explicit_source_type_overrides_scope" time="0.000" /><testcase classname="tests.test_dense" name="test_sql_includes_filter_order_limit_and_dense_columns" time="0.000" /><testcase classname="tests.test_dense" name="test_search_returns_candidate_shape_via_fake_session" time="0.001" /><testcase classname="tests.test_dense" name="test_runtime_dense_search_never_reads_legacy_chunk_embedding" time="0.000" /><testcase classname="tests.test_dense" name="test_canonical_embedding_is_authoritative_when_legacy_value_also_exists" time="0.000" /><testcase classname="tests.test_dense" name="test_wrong_dimension_and_legacy_source_fail_before_sql" time="0.000" /><testcase classname="tests.test_discovery" name="test_discovers_source_files_and_skips_ignored" time="0.004" /><testcase classname="tests.test_discovery" name="test_descriptor_fields_populated" time="0.002" /><testcase classname="tests.test_discovery" name="test_max_files_limit_enforced" time="0.002" /><testcase classname="tests.test_discovery" name="test_max_total_bytes_limit_enforced" time="0.002" /><testcase classname="tests.test_discovery" name="test_max_file_bytes_skips_large_file" time="0.002" /><testcase classname="tests.test_discovery" name="test_scan_timeout_aborts" time="0.002" /><testcase classname="tests.test_discovery" name="test_symlink_not_followed" time="0.001" /><testcase classname="tests.test_discovery" name="test_file_swapped_to_symlink_after_walk_is_rejected" time="0.001" /><testcase classname="tests.test_discovery" name="test_fake_walker_injection" time="0.001" /><testcase classname="tests.test_discovery" name="test_directory_scanner_scan_by_relative_path" time="0.001" /><testcase classname="tests.test_discovery" name="test_directory_scanner_rejects_absolute_client_path" time="0.001" /><testcase classname="tests.test_discovery" name="test_directory_scanner_rejects_unknown_alias" time="0.001" /><testcase classname="tests.test_discovery" name="test_directory_scanner_rejects_escape_outside_roots" time="0.001" /><testcase classname="tests.test_discovery" name="test_directory_scanner_conforms_to_source_scanner_port" time="0.004" /><testcase classname="tests.test_docx_parser" name="test_supports_docx_extension_and_mime" time="0.000" /><testcase classname="tests.test_docx_parser" name="test_source_metadata_and_shape" time="0.073" /><testcase classname="tests.test_docx_parser" name="test_body_order_preserves_interleaved_paragraphs_and_tables" time="0.019" /><testcase classname="tests.test_docx_parser" name="test_heading_path_correct_on_nested_units" time="0.023" /><testcase classname="tests.test_docx_parser" name="test_table_produced_as_markdown_and_json" time="0.019" /><testcase classname="tests.test_docx_parser" name="test_list_items_detected" time="0.020" /><testcase classname="tests.test_docx_parser" name="test_block_index_monotonic_and_no_fabricated_pages" time="0.024" /><testcase classname="tests.test_docx_parser" name="test_normalized_source_round_trips_losslessly" time="0.020" /><testcase classname="tests.test_domain_ports" name="test_all_ten_ports_are_importable" time="0.000" /><testcase classname="tests.test_domain_ports" name="test_all_ports_are_runtime_checkable_protocols" time="0.000" /><testcase classname="tests.test_domain_ports" name="test_embedding_provider_accepts_a_structurally_conforming_object" time="0.000" /><testcase classname="tests.test_domain_ports" name="test_embedding_provider_rejects_a_non_conforming_object" time="0.000" /><testcase classname="tests.test_domain_ports" name="test_object_storage_rejects_partial_implementation" time="0.000" /><testcase classname="tests.test_embedding_cache" name="test_key_formula_is_deterministic" time="0.000" /><testcase classname="tests.test_embedding_cache" name="test_key_changes_when_content_hash_changes" time="0.000" /><testcase classname="tests.test_embedding_cache" name="test_key_changes_when_profile_config_hash_changes" time="0.000" /><testcase classname="tests.test_embedding_cache" name="test_same_content_same_profile_same_key" time="0.000" /><testcase classname="tests.test_embedding_cache" name="test_same_content_different_profile_different_key" time="0.000" /><testcase classname="tests.test_embedding_cache" name="test_profile_config_hash_respects_embedding_affecting_fields" time="0.000" /><testcase classname="tests.test_embedding_cache" name="test_get_or_compute_computes_once_and_reuses_for_identical_key" time="0.000" /><testcase classname="tests.test_embedding_cache" name="test_get_or_compute_recomputes_with_different_profile" time="0.000" /><testcase classname="tests.test_embedding_cache" name="test_get_or_compute_recomputes_with_different_content" time="0.003" /><testcase classname="tests.test_embedding_cache" name="test_get_and_set_work_on_default_in_memory_store" time="0.000" /><testcase classname="tests.test_embedding_cache" name="test_pluggable_backing_store_is_used" time="0.000" /><testcase classname="tests.test_file_validation" name="test_valid_pdf_passes" time="0.000" /><testcase classname="tests.test_file_validation" name="test_valid_image_passes" time="0.000" /><testcase classname="tests.test_file_validation" name="test_valid_plain_text_passes" time="0.004" /><testcase classname="tests.test_file_validation" name="test_valid_office_docx_passes" time="0.000" /><testcase classname="tests.test_file_validation" name="test_generic_zip_renamed_docx_is_rejected" time="0.001" /><testcase classname="tests.test_file_validation" name="test_oversize_file_rejected" time="0.000" /><testcase classname="tests.test_file_validation" name="test_extension_vs_magic_mismatch_renamed_pdf_rejected" time="0.000" /><testcase classname="tests.test_file_validation" name="test_claimed_pdf_without_magic_rejected" time="0.001" /><testcase classname="tests.test_file_validation" name="test_mime_magic_conflict_rejected" time="0.000" /><testcase classname="tests.test_file_validation" name="test_magic_detection_is_consistent" time="0.000" /><testcase classname="tests.test_file_validation" name="test_total_ingestion_limit_exceeded" time="0.000" /><testcase classname="tests.test_file_validation" name="test_total_within_limit_passes" time="0.001" /><testcase classname="tests.test_git_source" name="test_scan_captures_metadata_and_flags" time="0.001" /><testcase classname="tests.test_git_source" name="test_no_ref_is_full_clone_without_branch_flag" time="0.001" /><testcase classname="tests.test_git_source" name="test_no_forbidden_command_is_ever_invoked" time="0.001" /><testcase classname="tests.test_git_source" name="test_real_runner_is_non_shell_and_safe_env" time="0.000" /><testcase classname="tests.test_git_source" name="test_repository_url_rejects_unsafe_protocol_or_credentials[http://github.com/org/repo.git]" time="0.000" /><testcase classname="tests.test_git_source" name="test_repository_url_rejects_unsafe_protocol_or_credentials[https://user:secret@github.com/org/repo.git]" time="0.000" /><testcase classname="tests.test_git_source" name="test_repository_url_rejects_unsafe_protocol_or_credentials[file:///etc/passwd]" time="0.000" /><testcase classname="tests.test_git_source" name="test_repository_url_rejects_unsafe_protocol_or_credentials[git@github.com:org/repo.git]" time="0.000" /><testcase classname="tests.test_git_source" name="test_repository_url_rejects_non_public_dns_results[127.0.0.1]" time="0.000" /><testcase classname="tests.test_git_source" name="test_repository_url_rejects_non_public_dns_results[169.254.169.254]" time="0.000" /><testcase classname="tests.test_git_source" name="test_repository_url_rejects_non_public_dns_results[10.0.0.1]" time="0.000" /><testcase classname="tests.test_git_source" name="test_repository_url_rejects_non_public_dns_results[172.16.0.1]" time="0.000" /><testcase classname="tests.test_git_source" name="test_repository_url_rejects_non_public_dns_results[192.168.1.1]" time="0.000" /><testcase classname="tests.test_git_source" name="test_repository_url_rejects_non_public_dns_results[::1]" time="0.000" /><testcase classname="tests.test_git_source" name="test_repository_url_rejects_host_outside_allowlist" time="0.000" /><testcase classname="tests.test_health" name="test_root_endpoint_still_works" time="0.004" /><testcase classname="tests.test_health" name="test_health_endpoint_returns_document_counts" time="0.002" /><testcase classname="tests.test_health" name="test_health_endpoint_handles_zero_documents" time="0.006" /><testcase classname="tests.test_health" name="test_liveness_endpoint_returns_ok" time="0.010" /><testcase classname="tests.test_health" name="test_readiness_reports_ok_when_all_dependencies_up" time="0.002" /><testcase classname="tests.test_health" name="test_readiness_is_degraded_not_crash_when_dependency_down" time="0.003" /><testcase classname="tests.test_identifier" name="test_candidate_k_defaults_and_override" time="0.000" /><testcase classname="tests.test_identifier" name="test_spec_holds_extracted_or_explicit_identifiers" time="0.000" /><testcase classname="tests.test_identifier" name="test_search_derives_identifiers_from_query_text" time="0.001" /><testcase classname="tests.test_identifier" name="test_search_with_explicit_identifiers_skips_extraction" time="0.001" /><testcase classname="tests.test_identifier" name="test_search_with_no_identifiers_returns_empty" time="0.000" /><testcase classname="tests.test_identifier" name="test_retrieval_repositories_reject_unscoped_search[retriever0-args0]" time="0.000" /><testcase classname="tests.test_identifier" name="test_retrieval_repositories_reject_unscoped_search[retriever1-args1]" time="0.000" /><testcase classname="tests.test_identifier" name="test_retrieval_repositories_reject_unscoped_search[retriever2-args2]" time="0.000" /><testcase classname="tests.test_identifier" name="test_sql_matches_array_symbol_and_file_path_with_filters" time="0.000" /><testcase classname="tests.test_identifier" name="test_identifier_prefix_patterns_escape_like_metacharacters[PAYMENT_FLAG-payment\\_flag%]" time="0.000" /><testcase classname="tests.test_identifier" name="test_identifier_prefix_patterns_escape_like_metacharacters[Rate%Value-rate\\%value%]" time="0.000" /><testcase classname="tests.test_identifier" name="test_identifier_prefix_patterns_escape_like_metacharacters[path\\\\name-path\\\\\\\\name%]" time="0.000" /><testcase classname="tests.test_identifier" name="test_substring_is_explicit_opt_in_and_has_own_match_type" time="0.000" /><testcase classname="tests.test_identifier_extraction" name="test_screaming_snake_column_constant" time="0.000" /><testcase classname="tests.test_identifier_extraction" name="test_pascal_case_class_detected" time="0.000" /><testcase classname="tests.test_identifier_extraction" name="test_snake_case_method_column_detected" time="0.000" /><testcase classname="tests.test_identifier_extraction" name="test_dotted_package_and_qualified_path" time="0.000" /><testcase classname="tests.test_identifier_extraction" name="test_error_code_and_error_class_detected" time="0.000" /><testcase classname="tests.test_identifier_extraction" name="test_plain_language_words_not_extracted" time="0.000" /><testcase classname="tests.test_identifier_extraction" name="test_returns_deduplicated_unique_tokens" time="0.000" /><testcase classname="tests.test_identifier_extraction" name="test_empty_and_none_input" time="0.000" /><testcase classname="tests.test_ignore_rules" name="test_default_ignore_list_covers_documented_entries" time="0.000" /><testcase classname="tests.test_ignore_rules" name="test_default_ignore_dirs_and_files" time="0.000" /><testcase classname="tests.test_ignore_rules" name="test_default_ignore_does_not_affect_common_source" time="0.000" /><testcase classname="tests.test_ignore_rules" name="test_gitignore_comments_and_blank_lines_ignored" time="0.000" /><testcase classname="tests.test_ignore_rules" name="test_gitignore_negation_last_match_wins" time="0.000" /><testcase classname="tests.test_ignore_rules" name="test_gitignore_extension_rule_any_level" time="0.000" /><testcase classname="tests.test_ignore_rules" name="test_gitignore_directory_pattern" time="0.000" /><testcase classname="tests.test_ignore_rules" name="test_gitignore_anchored_slash_pattern" time="0.000" /><testcase classname="tests.test_ignore_rules" name="test_system_ignore_cannot_be_overridden_by_user_include" time="0.000" /><testcase classname="tests.test_ignore_rules" name="test_contextvaultignore_takes_precedence_over_gitignore" time="0.000" /><testcase classname="tests.test_ignore_rules" name="test_gitignore_overrides_user_exclude_order" time="0.000" /><testcase classname="tests.test_ignore_rules" name="test_user_include_reincludes_when_no_higher_rule_matches" time="0.000" /><testcase classname="tests.test_ignore_rules" name="test_secret_policy_default_skips_sensitive" time="0.001" /><testcase classname="tests.test_ignore_rules" name="test_sensitive_path_detection_true[.env]" time="0.000" /><testcase classname="tests.test_ignore_rules" name="test_sensitive_path_detection_true[.env.prod]" time="0.000" /><testcase classname="tests.test_ignore_rules" name="test_sensitive_path_detection_true[config/.env]" time="0.000" /><testcase classname="tests.test_ignore_rules" name="test_sensitive_path_detection_true[secrets/keys/id_rsa]" time="0.000" /><testcase classname="tests.test_ignore_rules" name="test_sensitive_path_detection_true[secrets/keys/id_rsa.pub]" time="0.000" /><testcase classname="tests.test_ignore_rules" name="test_sensitive_path_detection_true[certs/server.key]" time="0.000" /><testcase classname="tests.test_ignore_rules" name="test_sensitive_path_detection_true[certs/cert.pem]" time="0.000" /><testcase classname="tests.test_ignore_rules" name="test_sensitive_path_detection_true[store/keystore.p12]" time="0.000" /><testcase classname="tests.test_ignore_rules" name="test_sensitive_path_detection_true[security/truststore.jks]" time="0.000" /><testcase classname="tests.test_ignore_rules" name="test_sensitive_path_detection_false[src/main.py]" time="0.000" /><testcase classname="tests.test_ignore_rules" name="test_sensitive_path_detection_false[README.md]" time="0.000" /><testcase classname="tests.test_ignore_rules" name="test_sensitive_path_detection_false[app.ts]" time="0.000" /><testcase classname="tests.test_ignore_rules" name="test_sensitive_path_detection_false[docker-compose.yml]" time="0.000" /><testcase classname="tests.test_ignore_rules" name="test_sensitive_path_detection_false[important.log]" time="0.000" /><testcase classname="tests.test_image_parser" name="test_successful_ocr_produces_ocr_text_with_bbox" time="0.001" /><testcase classname="tests.test_image_parser" name="test_file_header_unit_carries_image_metadata" time="0.001" /><testcase classname="tests.test_image_parser" name="test_low_confidence_sets_needs_review" time="0.001" /><testcase classname="tests.test_image_parser" name="test_provider_unavailable_emits_image_unit_with_warning" time="0.001" /><testcase classname="tests.test_image_parser" name="test_failing_provider_emits_image_unit_with_warning" time="0.001" /><testcase classname="tests.test_image_parser" name="test_to_dict_from_dict_round_trip" time="0.001" /><testcase classname="tests.test_image_parser" name="test_router_routes_png_to_image_parser" time="0.122" /><testcase classname="tests.test_image_parser" name="test_resolve_provider_builds_via_build_ocr_provider" time="0.000" /><testcase classname="tests.test_image_parser" name="test_resolve_provider_returns_none_when_ocr_unavailable" time="0.000" /><testcase classname="tests.test_image_parser" name="test_parse_resolves_provider_via_factory_without_injection" time="0.001" /><testcase classname="tests.test_image_parser" name="test_bbox_format_is_documented_l_t_w_h" time="0.000" /><testcase classname="tests.test_image_parser" name="test_overall_bbox_single_block_l_t_w_h" time="0.000" /><testcase classname="tests.test_image_parser" name="test_overall_bbox_two_block_union_l_t_w_h" time="0.000" /><testcase classname="tests.test_image_parser" name="test_overall_bbox_none_when_no_boxes" time="0.000" /><testcase classname="tests.test_image_parser" name="test_overall_bbox_ignores_blocks_without_bbox" time="0.000" /><testcase classname="tests.test_ingestion_architecture" name="test_production_has_one_ingestion_orchestrator" time="0.017" /><testcase classname="tests.test_ingestion_architecture" name="test_api_does_not_define_or_import_legacy_parser_chunker" time="0.000" /><testcase classname="tests.test_ingestion_architecture" name="test_async_ingestion_has_no_dual_path_feature_flag" time="0.004" /><testcase classname="tests.test_ingestion_bundle" name="test_bundle_is_deterministic_and_preserves_file_provenance" time="0.001" /><testcase classname="tests.test_ingestion_bundle" name="test_bundle_excludes_binary_ignored_and_generated_content" time="0.001" /><testcase classname="tests.test_ingestion_tasks" name="test_full_run_completes_and_activates_new_version" time="0.001" /><testcase classname="tests.test_ingestion_tasks" name="test_reruns_all_seven_stages_in_order" time="0.001" /><testcase classname="tests.test_ingestion_tasks" name="test_rerunning_a_completed_job_is_a_noop_and_creates_no_duplicate_chunks" time="0.001" /><testcase classname="tests.test_ingestion_tasks" name="test_retry_after_partial_failure_clears_stale_chunks_before_reindexing" time="0.001" /><testcase classname="tests.test_ingestion_tasks" name="test_missing_version_marks_job_failed" time="0.000" /><testcase classname="tests.test_ingestion_tasks" name="test_unreadable_document_fails_job_without_activating_new_version" time="0.001" /><testcase classname="tests.test_ingestion_tasks" name="test_embedding_count_mismatch_fails_job" time="0.001" /><testcase classname="tests.test_ingestion_tasks" name="test_skipping_a_stage_is_rejected" time="0.000" /><testcase classname="tests.test_ingestion_tasks" name="test_rewind_to_validating_is_allowed_for_restart" time="0.000" /><testcase classname="tests.test_ingestion_tasks" name="test_unknown_stage_is_rejected" time="0.000" /><testcase classname="tests.test_ingestion_tasks" name="test_transient_failure_is_wrapped_as_retryable" time="0.001" /><testcase classname="tests.test_ingestion_tasks" name="test_permanent_validation_error_is_not_retryable" time="0.001" /><testcase classname="tests.test_ingestion_tasks" name="test_failed_job_cannot_be_redelivered_as_running" time="0.000" /><testcase classname="tests.test_language_detection" name="test_detect_language_by_extension[main.py-python]" time="0.000" /><testcase classname="tests.test_language_detection" name="test_detect_language_by_extension[pkg/__init__.py-python]" time="0.000" /><testcase classname="tests.test_language_detection" name="test_detect_language_by_extension[src/App.tsx-typescript]" time="0.000" /><testcase classname="tests.test_language_detection" name="test_detect_language_by_extension[src/service.ts-typescript]" time="0.000" /><testcase classname="tests.test_language_detection" name="test_detect_language_by_extension[index.js-javascript]" time="0.000" /><testcase classname="tests.test_language_detection" name="test_detect_language_by_extension[component.jsx-javascript]" time="0.000" /><testcase classname="tests.test_language_detection" name="test_detect_language_by_extension[Main.java-java]" time="0.000" /><testcase classname="tests.test_language_detection" name="test_detect_language_by_extension[queries.sql-sql]" time="0.000" /><testcase classname="tests.test_language_detection" name="test_detect_language_by_extension[pkg/pkg_body.pkb-plsql]" time="0.000" /><testcase classname="tests.test_language_detection" name="test_detect_language_by_extension[pkg/pkg_spec.pks-plsql]" time="0.000" /><testcase classname="tests.test_language_detection" name="test_detect_language_by_extension[config.json-json]" time="0.000" /><testcase classname="tests.test_language_detection" name="test_detect_language_by_extension[ci/pipeline.yaml-yaml]" time="0.000" /><testcase classname="tests.test_language_detection" name="test_detect_language_by_extension[docker-compose.yml-yaml]" time="0.000" /><testcase classname="tests.test_language_detection" name="test_detect_language_by_extension[docs/README.md-markdown]" time="0.000" /><testcase classname="tests.test_language_detection" name="test_detect_language_by_extension[index.html-html]" time="0.000" /><testcase classname="tests.test_language_detection" name="test_detect_language_by_extension[styles.css-css]" time="0.000" /><testcase classname="tests.test_language_detection" name="test_detect_language_by_extension[theme.scss-scss]" time="0.000" /><testcase classname="tests.test_language_detection" name="test_detect_language_by_extension[Dockerfile-dockerfile]" time="0.000" /><testcase classname="tests.test_language_detection" name="test_detect_language_by_extension[Makefile-makefile]" time="0.000" /><testcase classname="tests.test_language_detection" name="test_detect_language_by_extension[deploy.sh-shell]" time="0.000" /><testcase classname="tests.test_language_detection" name="test_detect_language_by_extension[run.ps1-powershell]" time="0.000" /><testcase classname="tests.test_language_detection" name="test_detect_language_by_extension[model.tf-terraform]" time="0.000" /><testcase classname="tests.test_language_detection" name="test_detect_language_by_extension[script.sql-sql]" time="0.000" /><testcase classname="tests.test_language_detection" name="test_detect_language_returns_none_for_unknown[noext]" time="0.000" /><testcase classname="tests.test_language_detection" name="test_detect_language_returns_none_for_unknown[README]" time="0.000" /><testcase classname="tests.test_language_detection" name="test_detect_language_returns_none_for_unknown[file.unknown_extension]" time="0.000" /><testcase classname="tests.test_language_detection" name="test_detect_language_returns_none_for_unknown[.hidden]" time="0.000" /><testcase classname="tests.test_language_detection" name="test_detect_language_returns_none_for_unknown[archive.tar.xz.q1]" time="0.000" /><testcase classname="tests.test_language_detection" name="test_detect_language_filename_override_wins" time="0.000" /><testcase classname="tests.test_language_detection" name="test_detect_language_windows_style_path" time="0.000" /><testcase classname="tests.test_language_detection" name="test_is_binary_extension_shortcut" time="0.000" /><testcase classname="tests.test_language_detection" name="test_is_binary_magic_signature" time="0.000" /><testcase classname="tests.test_language_detection" name="test_is_binary_nul_byte_detection" time="0.000" /><testcase classname="tests.test_language_detection" name="test_is_binary_plain_text_false" time="0.000" /><testcase classname="tests.test_language_detection" name="test_is_binary_empty_probe_false" time="0.000" /><testcase classname="tests.test_lexical" name="test_candidate_k_defaults_and_override" time="0.000" /><testcase classname="tests.test_lexical" name="test_simple_ts_config_by_default_and_override" time="0.000" /><testcase classname="tests.test_lexical" name="test_spec_candidate_k_and_config" time="0.000" /><testcase classname="tests.test_lexical" name="test_filter_query_terms_keeps_real_terms" time="0.000" /><testcase classname="tests.test_lexical" name="test_build_spec_strips_fillers_from_query_text" time="0.000" /><testcase classname="tests.test_lexical" name="test_query_forms_distinguish_phrase_and_websearch_or" time="0.000" /><testcase classname="tests.test_lexical" name="test_significant_query_terms_reconstruct_split_acronyms" time="0.000" /><testcase classname="tests.test_lexical" name="test_significant_query_terms_empty_input" time="0.000" /><testcase classname="tests.test_lexical" name="test_content_has_any_term_matches_single_lexeme" time="0.000" /><testcase classname="tests.test_lexical" name="test_sql_uses_simple_config_and_filters" time="0.000" /><testcase classname="tests.test_lexical" name="test_search_returns_candidate_shape_via_fake_session" time="0.000" /><testcase classname="tests.test_main_app" name="test_startup_event_checks_schema_admission" time="0.003" /><testcase classname="tests.test_main_app" name="test_all_expected_routers_are_mounted" time="0.014" /><testcase classname="tests.test_main_app" name="test_cors_middleware_is_configured" time="0.000" /><testcase classname="tests.test_main_app" name="test_main_module_contains_no_business_logic" time="0.001" /><testcase classname="tests.test_migration_settings" name="test_migration_settings_requires_only_database_url" time="0.001" /><testcase classname="tests.test_migration_settings" name="test_migration_settings_rejects_unsafe_schema_name" time="0.000" /><testcase classname="tests.test_migration_settings" name="test_alembic_environment_does_not_import_application_settings" time="0.000" /><testcase classname="tests.test_migration_verifier" name="test_repository_migration_graph_has_expected_single_head" time="0.009" /><testcase classname="tests.test_migration_verifier" name="test_migration_graph_reports_multiple_heads" time="0.001" /><testcase classname="tests.test_minio_storage" name="test_minio_storage_conforms_to_object_storage_port" time="0.000" /><testcase classname="tests.test_minio_storage" name="test_put_then_exists_then_get_then_delete_roundtrip" time="0.024" /><testcase classname="tests.test_minio_storage" name="test_minio_raw_object_is_ciphertext_and_key_bound" time="0.009" /><testcase classname="tests.test_minio_storage" name="test_encrypted_payload_tampering_is_rejected" time="0.003" /><testcase classname="tests.test_minio_storage" name="test_delete_is_idempotent_for_a_missing_object" time="0.007" /><testcase classname="tests.test_minio_storage" name="test_get_missing_object_raises" time="0.008" /><testcase classname="tests.test_minio_storage" name="test_bucket_is_created_idempotently" time="0.005" /><testcase classname="tests.test_minio_storage" name="test_object_key_layout_matches_aktif_gorev_standard" time="0.000" /><testcase classname="tests.test_minio_storage" name="test_safe_filename_blocks_path_traversal[rapor.docx-rapor.docx]" time="0.000" /><testcase classname="tests.test_minio_storage" name="test_safe_filename_blocks_path_traversal[../../etc/passwd-passwd]" time="0.000" /><testcase classname="tests.test_minio_storage" name="test_safe_filename_blocks_path_traversal[..\\..\\windows\\system32\\config-config]" time="0.000" /><testcase classname="tests.test_minio_storage" name="test_safe_filename_blocks_path_traversal[/etc/passwd-passwd]" time="0.000" /><testcase classname="tests.test_minio_storage" name="test_safe_filename_blocks_path_traversal[-file]" time="0.000" /><testcase classname="tests.test_minio_storage" name="test_safe_filename_blocks_path_traversal[.-file]" time="0.000" /><testcase classname="tests.test_minio_storage" name="test_safe_filename_blocks_path_traversal[..-file]" time="0.000" /><testcase classname="tests.test_minio_storage" name="test_safe_filename_blocks_path_traversal[a/b/../../c.txt-c.txt]" time="0.000" /><testcase classname="tests.test_minio_storage" name="test_safe_filename_strips_unsafe_characters" time="0.000" /><testcase classname="tests.test_minio_storage" name="test_safe_filename_strips_control_and_null_bytes" time="0.000" /><testcase classname="tests.test_minio_storage" name="test_segment_helpers_reject_path_separators_in_ids" time="0.000" /><testcase classname="tests.test_no_answer" name="test_smalltalk_classified_separately" time="0.000" /><testcase classname="tests.test_no_answer" name="test_document_question_not_smalltalk" time="0.000" /><testcase classname="tests.test_no_answer" name="test_empty_retrieval_is_not_smalltalk" time="0.000" /><testcase classname="tests.test_no_answer" name="test_pure_greeting_with_short_query_is_smalltalk" time="0.000" /><testcase classname="tests.test_no_answer" name="test_empty_string_is_smalltalk_but_question_is_not" time="0.000" /><testcase classname="tests.test_no_answer" name="test_lexical_evidence_rescues_low_dense_score" time="0.000" /><testcase classname="tests.test_no_answer" name="test_lexical_presence_rescues_near_threshold_dense_score" time="0.000" /><testcase classname="tests.test_no_answer" name="test_lexical_presence_requires_dense_floor" time="0.000" /><testcase classname="tests.test_no_answer" name="test_no_lexical_presence_no_rescue" time="0.000" /><testcase classname="tests.test_no_answer" name="test_exact_identifier_rescues_low_dense_score" time="0.000" /><testcase classname="tests.test_no_answer" name="test_no_answer_when_evidence_insufficient" time="0.000" /><testcase classname="tests.test_no_answer" name="test_low_dense_no_evidence_count_is_no_answer" time="0.000" /><testcase classname="tests.test_no_answer" name="test_policy_uses_configurable_threshold_not_bare_constant" time="0.000" /><testcase classname="tests.test_no_answer" name="test_policy_respects_min_evidence" time="0.000" /><testcase classname="tests.test_no_answer" name="test_evidence_signal_from_dict_and_object_equivalent" time="0.000" /><testcase classname="tests.test_no_answer" name="test_content_lexical_presence_rescues_split_acronym_near_threshold" time="0.000" /><testcase classname="tests.test_no_answer" name="test_content_lexical_presence_still_requires_dense_floor" time="0.000" /><testcase classname="tests.test_no_answer" name="test_evidence_signal_parses_lexical_presence" time="0.000" /><testcase classname="tests.test_no_answer" name="test_scores_and_inputs_recorded_in_decision" time="0.000" /><testcase classname="tests.test_normalized_content" name="test_unit_type_enum_is_exhaustive_and_unique" time="0.000" /><testcase classname="tests.test_normalized_content" name="test_normalized_source_round_trips_through_json_losslessly" time="0.000" /><testcase classname="tests.test_normalized_content" name="test_content_unit_round_trips_with_optional_fields_none" time="0.000" /><testcase classname="tests.test_normalized_content" name="test_unit_type_serializes_to_plain_string_not_enum" time="0.000" /><testcase classname="tests.test_normalized_content" name="test_locator_and_hierarchy_round_trip" time="0.000" /><testcase classname="tests.test_normalized_content" name="test_empty_normalized_source_returns_empty_units_list" time="0.000" /><testcase classname="tests.test_observability" name="test_structured_formatter_emits_json_with_request_id_and_structured_fields" time="0.000" /><testcase classname="tests.test_observability" name="test_request_id_contextvar_threads_through_middleware" time="0.002" /><testcase classname="tests.test_observability" name="test_set_request_id_returns_and_defaults_to_uuid" time="0.000" /><testcase classname="tests.test_observability" name="test_metrics_collector_records_embedding_counters" time="0.000" /><testcase classname="tests.test_observability" name="test_readiness_ok_when_all_dependencies_up" time="0.000" /><testcase classname="tests.test_observability" name="test_readiness_degraded_not_crash_when_dependency_down" time="0.000" /><testcase classname="tests.test_observability" name="test_readiness_treats_raising_checker_as_down" time="0.000" /><testcase classname="tests.test_observability" name="test_cors_never_wildcard_in_production" time="0.002" /><testcase classname="tests.test_observability" name="test_cors_defaults_to_dev_origins_in_development" time="0.002" /><testcase classname="tests.test_observability" name="test_cors_respects_explicit_allowlist" time="0.002" /><testcase classname="tests.test_observability" name="test_generic_error_hides_stack_trace_when_not_debug" time="0.018" /><testcase classname="tests.test_observability" name="test_debug_error_includes_stack_details_when_api_debug_on" time="0.013" /><testcase classname="tests.test_observability" name="test_rate_limiter_enforces_max_and_returns_429" time="0.004" /><testcase classname="tests.test_observability" name="test_rate_limiter_is_noop_when_disabled" time="0.003" /><testcase classname="tests.test_observability" name="test_rate_limiter_fails_closed_when_store_is_unavailable" time="0.002" /><testcase classname="tests.test_observability" name="test_rate_limit_key_contains_principal_route_and_cost_class" time="0.002" /><testcase classname="tests.test_observability" name="test_sliding_window_store_respects_injectable_clock" time="0.000" /><testcase classname="tests.test_ocr_providers" name="test_docling_provider_reports_unavailable_when_missing" time="0.000" /><testcase classname="tests.test_ocr_providers" name="test_docling_extract_raises_unavailable_when_missing" time="0.000" /><testcase classname="tests.test_ocr_providers" name="test_tesseract_provider_reports_engine_attr_and_version" time="0.000" /><testcase classname="tests.test_ocr_providers" name="test_tesseract_extract_raises_unavailable_when_missing" time="0.000" /><testcase classname="tests.test_ocr_providers" name="test_actual_tesseract_ocr_round_when_binary_present" time="0.000"><skipped type="pytest.skip" message="tesseract binary not available; skipping real OCR round">/Users/mkaracan/Projeler/context-vault/document-rag-platform/services/backend/tests/test_ocr_providers.py:79: tesseract binary not available; skipping real OCR round</skipped></testcase><testcase classname="tests.test_ocr_providers" name="test_factory_returns_fallback_when_primary_unavailable" time="0.000" /><testcase classname="tests.test_ocr_providers" name="test_factory_returns_primary_when_available" time="0.000" /><testcase classname="tests.test_ocr_providers" name="test_factory_unknown_provider_clear_error" time="0.000" /><testcase classname="tests.test_ocr_providers" name="test_factory_unavailable_everywhere_clear_error" time="0.000" /><testcase classname="tests.test_ocr_providers" name="test_factory_feature_gate_disabled_raises" time="0.000" /><testcase classname="tests.test_ocr_providers" name="test_factory_paddleocr_extension_point_raises_clear_error" time="0.000" /><testcase classname="tests.test_ocr_result" name="test_ocr_result_has_all_contract_fields" time="0.000" /><testcase classname="tests.test_ocr_result" name="test_ocr_block_has_all_contract_fields" time="0.000" /><testcase classname="tests.test_ocr_result" name="test_defaults_are_sane" time="0.000" /><testcase classname="tests.test_ocr_result" name="test_to_dict_roundtrip" time="0.000" /><testcase classname="tests.test_ocr_result" name="test_needs_review_high_confidence_is_false" time="0.000" /><testcase classname="tests.test_ocr_result" name="test_needs_review_low_confidence_is_true" time="0.000" /><testcase classname="tests.test_ocr_result" name="test_aggregate_confidence_is_length_weighted" time="0.000" /><testcase classname="tests.test_ocr_routing" name="test_should_ocr_always_true_for_image_source_type" time="0.000" /><testcase classname="tests.test_ocr_routing" name="test_should_ocr_digital_high_coverage_is_false" time="0.000" /><testcase classname="tests.test_ocr_routing" name="test_should_ocr_scanned_low_coverage_is_true" time="0.000" /><testcase classname="tests.test_ocr_routing" name="test_should_ocr_unknown_coverage_bias_to_ocr" time="0.000" /><testcase classname="tests.test_ocr_routing" name="test_should_ocr_respects_config_threshold" time="0.000" /><testcase classname="tests.test_ocr_routing" name="test_should_ocr_feature_disabled_always_false" time="0.000" /><testcase classname="tests.test_ocr_routing" name="test_routes_exactly_low_coverage_pages" time="0.000" /><testcase classname="tests.test_ocr_routing" name="test_routes_all_pages_for_fully_scanned_document" time="0.000" /><testcase classname="tests.test_ocr_routing" name="test_routes_none_for_fully_digital_document" time="0.000" /><testcase classname="tests.test_ocr_routing" name="test_feature_disabled_routes_nothing" time="0.000" /><testcase classname="tests.test_ocr_routing" name="test_persist_ocr_json_via_in_memory_storage" time="0.000" /><testcase classname="tests.test_parser_router" name="test_router_selects_parser_by_extension" time="0.000" /><testcase classname="tests.test_parser_router" name="test_router_selects_parser_by_mime_type" time="0.000" /><testcase classname="tests.test_parser_router" name="test_extensionless_docx_is_detected_from_package_structure" time="0.001" /><testcase classname="tests.test_parser_router" name="test_generic_zip_renamed_docx_is_not_trusted" time="0.001" /><testcase classname="tests.test_parser_router" name="test_magic_bytes_override_claimed_extension_and_mime" time="0.168" /><testcase classname="tests.test_parser_router" name="test_plain_text_parser_produces_lined_paragraph_units" time="0.118" /><testcase classname="tests.test_parser_router" name="test_extension_mime_conflict_without_magic_raises" time="0.001" /><testcase classname="tests.test_parser_router" name="test_unsupported_type_raises" time="0.001" /><testcase classname="tests.test_parser_router" name="test_unsupported_type_when_no_parser_registered" time="0.001" /><testcase classname="tests.test_parser_router" name="test_parser_timeout_enforced" time="0.104" /><testcase classname="tests.test_parser_router" name="test_router_reuses_default_settings_for_timeout_and_limit" time="0.000" /><testcase classname="tests.test_parser_router" name="test_output_size_limit_enforced" time="0.138" /><testcase classname="tests.test_parser_router" name="test_output_within_limit_succeeds" time="0.117" /><testcase classname="tests.test_path_security" name="test_canonical_under_root_accepts_root_and_children" time="0.001" /><testcase classname="tests.test_path_security" name="test_canonical_under_root_rejects_outside" time="0.001" /><testcase classname="tests.test_path_security" name="test_is_allowed_scan_path_accepts_under_root" time="0.002" /><testcase classname="tests.test_path_security" name="test_is_allowed_scan_path_rejects_outside_and_relative" time="0.001" /><testcase classname="tests.test_path_security" name="test_is_allowed_scan_path_accepts_comma_string" time="0.001" /><testcase classname="tests.test_path_security" name="test_traversal_under_root_rejected" time="0.001" /><testcase classname="tests.test_path_security" name="test_symlink_escape_rejected" time="0.001" /><testcase classname="tests.test_pdf_parser" name="test_supports_pdf_extension_and_mime" time="0.000" /><testcase classname="tests.test_pdf_parser" name="test_source_shape_is_document" time="0.026" /><testcase classname="tests.test_pdf_parser" name="test_digital_pdf_classified_and_units_carry_page_numbers" time="0.002" /><testcase classname="tests.test_pdf_parser" name="test_scanned_pdf_classified_and_no_text_units" time="0.002" /><testcase classname="tests.test_pdf_parser" name="test_mixed_pdf_routes_only_low_coverage_pages" time="0.002" /><testcase classname="tests.test_pdf_parser" name="test_classify_coverage_helper_directly" time="0.000" /><testcase classname="tests.test_pdf_parser" name="test_fallback_preserves_reading_order_by_page" time="0.002" /><testcase classname="tests.test_pdf_parser" name="test_blank_pages_produce_no_units_but_still_metadata" time="0.002" /><testcase classname="tests.test_pdf_parser" name="test_page_coverage_metadata_is_recorded_per_page" time="0.002" /><testcase classname="tests.test_pdf_parser" name="test_fallback_profile_records_capabilities" time="0.002" /><testcase classname="tests.test_pdf_parser" name="test_force_fallback_option_disables_docling_path" time="0.002" /><testcase classname="tests.test_pdf_parser" name="test_docling_parser_module_imports_without_docling_installed" time="0.000" /><testcase classname="tests.test_pdf_parser" name="test_docling_adapter_is_lazy_and_raises_unavailable" time="0.001" /><testcase classname="tests.test_pdf_parser" name="test_pdf_parser_falls_back_gracefully_when_docling_unavailable" time="0.002" /><testcase classname="tests.test_pdf_parser" name="test_normalized_source_round_trips_losslessly" time="0.002" /><testcase classname="tests.test_plain_text_parser" name="test_plain_text_utf8_turkish_sample_blocks_and_offsets" time="0.000" /><testcase classname="tests.test_plain_text_parser" name="test_plain_text_detects_cp1254_for_non_utf8_input" time="0.001" /><testcase classname="tests.test_plain_text_parser" name="test_plain_text_detects_utf16_bom" time="0.001" /><testcase classname="tests.test_plain_text_parser" name="test_plain_text_detects_utf8_sig_bom" time="0.001" /><testcase classname="tests.test_plain_text_parser" name="test_plain_text_single_byte_fallback_for_invalid_utf8" time="0.001" /><testcase classname="tests.test_plain_text_parser" name="test_plain_text_large_file_line_offsets" time="0.000" /><testcase classname="tests.test_plain_text_parser" name="test_plain_text_units_carry_hierarchy_locator_metadata" time="0.000" /><testcase classname="tests.test_plain_text_parser" name="test_plain_text_title_language_from_options" time="0.000" /><testcase classname="tests.test_plain_text_parser" name="test_plain_text_round_trips_through_json" time="0.000" /><testcase classname="tests.test_plain_text_parser" name="test_markdown_headings_preserve_heading_path" time="0.000" /><testcase classname="tests.test_plain_text_parser" name="test_markdown_code_fence_is_code_unit" time="0.000" /><testcase classname="tests.test_plain_text_parser" name="test_markdown_list_items" time="0.000" /><testcase classname="tests.test_plain_text_parser" name="test_markdown_table_is_table_unit" time="0.000" /><testcase classname="tests.test_plain_text_parser" name="test_markdown_paragraphs" time="0.000" /><testcase classname="tests.test_plain_text_parser" name="test_markdown_round_trips_through_json" time="0.000" /><testcase classname="tests.test_plain_text_parser" name="test_markdown_encoding_fallback" time="0.001" /><testcase classname="tests.test_plain_text_parser" name="test_markdown_multi_hyphen_separator" time="0.001" /><testcase classname="tests.test_plain_text_parser" name="test_plain_text_supports_txt_slots" time="0.000" /><testcase classname="tests.test_plain_text_parser" name="test_markdown_supports_md_slots" time="0.000" /><testcase classname="tests.test_plsql_chunker" name="test_strip_removes_keywords_inside_strings_and_comments" time="0.000" /><testcase classname="tests.test_plsql_chunker" name="test_package_body_boundaries_no_false_split_in_string_or_comment" time="0.000" /><testcase classname="tests.test_plsql_chunker" name="test_each_chunk_carries_signature_and_enclosing_package" time="0.000" /><testcase classname="tests.test_plsql_chunker" name="test_embedding_text_has_header_with_file_language_symbol_signature" time="0.000" /><testcase classname="tests.test_plsql_chunker" name="test_oversized_procedure_splits_at_inner_blocks_and_keeps_context" time="0.000" /><testcase classname="tests.test_plsql_chunker" name="test_empty_or_no_code_unit_returns_empty" time="0.000" /><testcase classname="tests.test_plsql_chunker" name="test_registry_routes_plsql_code_source" time="0.000" /><testcase classname="tests.test_plsql_chunker" name="test_registry_generic_python_code_routes_with_symbol_header" time="0.001" /><testcase classname="tests.test_prompt_injection" name="test_fixture_set_classes_are_all_flagged" time="0.000" /><testcase classname="tests.test_prompt_injection" name="test_fixture_detection_reason_populated_when_flagged" time="0.000" /><testcase classname="tests.test_prompt_injection" name="test_chain_of_thought_sample_flagged" time="0.000" /><testcase classname="tests.test_prompt_injection" name="test_ignore_prior_instructions_flagged" time="0.000" /><testcase classname="tests.test_prompt_injection" name="test_system_role_control_token_flagged" time="0.000" /><testcase classname="tests.test_prompt_injection" name="test_benign_turkish_not_flagged" time="0.000" /><testcase classname="tests.test_prompt_injection" name="test_empty_and_none_never_flagged" time="0.000" /><testcase classname="tests.test_prompt_injection" name="test_payload_passthrough_and_injection_result_shape" time="0.000" /><testcase classname="tests.test_redaction" name="test_redacts_api_key_in_sample" time="0.000" /><testcase classname="tests.test_redaction" name="test_redacts_env_file_lines" time="0.000" /><testcase classname="tests.test_redaction" name="test_redacts_private_key_blob" time="0.000" /><testcase classname="tests.test_redaction" name="test_redacts_aws_and_github_tokens" time="0.000" /><testcase classname="tests.test_redaction" name="test_contains_secret_true_for_credentials" time="0.000" /><testcase classname="tests.test_redaction" name="test_contains_secret_false_for_plain_text" time="0.000" /><testcase classname="tests.test_redaction" name="test_redact_log_field_returns_safe_value" time="0.000" /><testcase classname="tests.test_redaction" name="test_redact_log_field_caps_long_values" time="0.000" /><testcase classname="tests.test_redaction" name="test_sensitive_filenames_flagged" time="0.000" /><testcase classname="tests.test_redaction" name="test_non_sensitive_filenames_allowed" time="0.000" /><testcase classname="tests.test_repositories_api" name="test_feature_gate_returns_403_when_disabled" time="0.003" /><testcase classname="tests.test_repositories_api" name="test_directory_scan_rejects_absolute_path" time="0.003" /><testcase classname="tests.test_repositories_api" name="test_directory_scan_rejects_unknown_root_alias" time="0.002" /><testcase classname="tests.test_repositories_api" name="test_directory_scan_rejects_path_escaping_root" time="0.003" /><testcase classname="tests.test_repositories_api" name="test_directory_scan_accepts_allowed_relative_path" time="0.003" /><testcase classname="tests.test_repositories_api" name="test_document_files_404_for_unknown_document" time="0.003" /><testcase classname="tests.test_repositories_api" name="test_document_versions_404_for_unknown_document" time="0.004" /><testcase classname="tests.test_repositories_api" name="test_repository_ingest_404_for_missing_project" time="0.004" /><testcase classname="tests.test_rerankers" name="test_noop_conforms_to_reranker_port" time="0.000" /><testcase classname="tests.test_rerankers" name="test_noop_returns_candidates_unchanged" time="0.000" /><testcase classname="tests.test_rerankers" name="test_noop_preserves_original_order" time="0.000" /><testcase classname="tests.test_rerankers" name="test_noop_handles_empty_candidates" time="0.000" /><testcase classname="tests.test_rerankers" name="test_noop_descriptor_is_stable" time="0.000" /><testcase classname="tests.test_rerankers" name="test_noop_records_configured_model_seed" time="0.000" /><testcase classname="tests.test_rerankers" name="test_safe_reranker_returns_inputs_unchanged_when_inner_raises" time="0.000" /><testcase classname="tests.test_rerankers" name="test_safe_reranker_propagates_successful_inner_result" time="0.000" /><testcase classname="tests.test_rerankers" name="test_safe_reranker_exposes_inner_descriptor" time="0.000" /><testcase classname="tests.test_rerankers" name="test_remote_reranker_uses_injected_client_and_reorders" time="0.000" /><testcase classname="tests.test_rerankers" name="test_remote_reranker_lazy_client_not_constructed_by_default" time="0.000" /><testcase classname="tests.test_rerankers" name="test_remote_reranker_returns_empty_for_no_candidates" time="0.000" /><testcase classname="tests.test_rerankers" name="test_factory_returns_noop_when_disabled" time="0.000" /><testcase classname="tests.test_rerankers" name="test_factory_returns_noop_when_feature_off_but_enabled" time="0.000" /><testcase classname="tests.test_rerankers" name="test_factory_returns_noop_when_enabled_flag_off" time="0.000" /><testcase classname="tests.test_rerankers" name="test_factory_returns_noop_when_provider_none" time="0.000" /><testcase classname="tests.test_rerankers" name="test_factory_returns_noop_for_unknown_provider" time="0.000" /><testcase classname="tests.test_rerankers" name="test_factory_provider_none_never_constructs_client" time="0.000" /><testcase classname="tests.test_rerankers" name="test_factory_returns_safe_wrapping_remote_when_provider_remote" time="0.000" /><testcase classname="tests.test_rerankers" name="test_factory_safe_fallback_degrades_on_remote_failure" time="0.000" /><testcase classname="tests.test_retrieval_service" name="test_rrf_fusion_order_is_correct" time="0.001" /><testcase classname="tests.test_retrieval_service" name="test_dedupe_removes_identical_content_copies" time="0.001" /><testcase classname="tests.test_retrieval_service" name="test_reranker_noop_keeps_fusion_order_when_disabled" time="0.001" /><testcase classname="tests.test_retrieval_service" name="test_reranker_reorder_is_honored_when_enabled" time="0.001" /><testcase classname="tests.test_retrieval_service" name="test_final_rank_preserves_fusion_and_reranker_scores" time="0.000" /><testcase classname="tests.test_retrieval_service" name="test_fusion_candidate_budget_is_recorded_in_bundle" time="0.001" /><testcase classname="tests.test_retrieval_service" name="test_context_built_within_budget" time="0.001" /><testcase classname="tests.test_retrieval_service" name="test_answerable_document_question_classified" time="0.000" /><testcase classname="tests.test_retrieval_service" name="test_smalltalk_classified_as_intent_smalltalk" time="0.000" /><testcase classname="tests.test_retrieval_service" name="test_debug_payload_contains_all_stages_with_ranks" time="0.001" /><testcase classname="tests.test_retrieval_service" name="test_result_to_dict_shape" time="0.000" /><testcase classname="tests.test_retrieval_service" name="test_real_retriever_path_applies_non_empty_filters" time="0.002" /><testcase classname="tests.test_retrieval_service" name="test_scope_is_mandatory_and_old_retriever_signature_fails_closed" time="0.000" /><testcase classname="tests.test_retrieval_service" name="test_embedding_failure_is_typed_and_closes_durable_run" time="0.000" /><testcase classname="tests.test_rrf" name="test_union_of_disjoint_lists_preserves_each_list_top" time="0.000" /><testcase classname="tests.test_rrf" name="test_shared_item_ranks_higher_than_any_single_occurrence" time="0.000" /><testcase classname="tests.test_rrf" name="test_ranking_reflects_position_within_each_list" time="0.000" /><testcase classname="tests.test_rrf" name="test_duplicates_across_lists_accumulate_score" time="0.000" /><testcase classname="tests.test_rrf" name="test_duplicate_within_single_list_collapses" time="0.000" /><testcase classname="tests.test_rrf" name="test_k_effect_damps_high_rank_advantage" time="0.000" /><testcase classname="tests.test_rrf" name="test_k_zero_or_negative_raises" time="0.000" /><testcase classname="tests.test_rrf" name="test_empty_lists_yield_empty_result" time="0.000" /><testcase classname="tests.test_rrf" name="test_empty_inner_lists_contribute_nothing" time="0.000" /><testcase classname="tests.test_rrf" name="test_deterministic_tie_break_by_key" time="0.000" /><testcase classname="tests.test_rrf" name="test_fuse_returns_candidates_with_accumulated_scores" time="0.000" /><testcase classname="tests.test_rrf" name="test_dedupe_keeps_first_content_copy" time="0.000" /><testcase classname="tests.test_rrf" name="test_dedupe_keeps_chunks_without_content_hash" time="0.000" /><testcase classname="tests.test_security_limits.TestIngestionLimits" name="test_within_limits_passes" time="0.000" /><testcase classname="tests.test_security_limits.TestIngestionLimits" name="test_file_count_exceeded_raises" time="0.000" /><testcase classname="tests.test_security_limits.TestIngestionLimits" name="test_total_bytes_exceeded_raises" time="0.000" /><testcase classname="tests.test_security_limits.TestArchiveBombGuards" name="test_archive_exceeding_entry_count_raises" time="0.001" /><testcase classname="tests.test_security_limits.TestArchiveBombGuards" name="test_archive_exceeding_total_bytes_raises" time="0.002" /><testcase classname="tests.test_security_limits.TestArchiveBombGuards" name="test_path_traversal_members_are_blocked" time="0.001" /><testcase classname="tests.test_security_limits.TestArchiveBombGuards" name="test_absolute_path_members_are_blocked" time="0.001" /><testcase classname="tests.test_security_limits.TestArbitraryPathBlock" name="test_absolute_path_under_root_accepted" time="0.001" /><testcase classname="tests.test_security_limits.TestArbitraryPathBlock" name="test_absolute_path_outside_root_blocked" time="0.001" /><testcase classname="tests.test_security_limits.TestArbitraryPathBlock" name="test_relative_path_blocked" time="0.001" /><testcase classname="tests.test_security_limits.TestArbitraryPathBlock" name="test_traversal_escape_blocked" time="0.001" /><testcase classname="tests.test_source_detection" name="test_extensionless_source_uses_content_signals[extensionless UTF-8 text\n-text/plain-plain_text]" time="0.002" /><testcase classname="tests.test_source_detection" name="test_extensionless_source_uses_content_signals[%PDF-1.4\n%%EOF\n-application/pdf-pdf]" time="0.001" /><testcase classname="tests.test_source_detection" name="test_extensionless_source_uses_content_signals[\x89PNG\r\n\x1a\n\x00\x00\x00\x00\x00\x00\x00\x00\x00\x00\x00\x00\x00\x00\x00\x00\x00\x00\x00\x00\x00\x00\x00\x00\x00\x00\x00\x00\x00\x00\x00\x00-image/unknown-image]" time="0.001" /><testcase classname="tests.test_source_detection" name="test_extensionless_source_uses_content_signals[PK\x03\x04\x14\x00\x00\x00\x00\x00\xa9\xa8&quot;]\xc7\x1c\x17&lt;\x08\x00\x00\x00\x08\x00\x00\x00\x13\x00\x00\x00[Content_Types].xml&lt;Types/&gt;PK\x03\x04\x14\x00\x00\x00\x00\x00\xa9\xa8&quot;]\xddZ\x86\r\r\x00\x00\x00\r\x00\x00\x00\x11\x00\x00\x00word/document.xml&lt;w:document/&gt;PK\x01\x02\x14\x03\x14\x00\x00\x00\x00\x00\xa9\xa8&quot;]\xc7\x1c\x17&lt;\x08\x00\x00\x00\x08\x00\x00\x00\x13\x00\x00\x00\x00\x00\x00\x00\x00\x00\x00\x00\x80\x01\x00\x00\x00\x00[Content_Types].xmlPK\x01\x02\x14\x03\x14\x00\x00\x00\x00\x00\xa9\xa8&quot;]\xddZ\x86\r\r\x00\x00\x00\r\x00\x00\x00\x11\x00\x00\x00\x00\x00\x00\x00\x00\x00\x00\x00\x80\x019\x00\x00\x00word/document.xmlPK\x05\x06\x00\x00\x00\x00\x02\x00\x02\x00\x80\x00\x00\x00u\x00\x00\x00\x00\x00-application/vnd.openxmlformats-officedocument.wordprocessingml.document-docx]" time="0.001" /><testcase classname="tests.test_source_detection" name="test_declared_and_detected_mime_difference_becomes_policy_event" time="0.001" /><testcase classname="tests.test_structured_answer" name="test_unknown_label_repairs_before_any_persistence" time="0.002" /><testcase classname="tests.test_structured_answer" name="test_only_claimed_two_of_five_sources_are_persisted" time="0.001" /><testcase classname="tests.test_structured_answer" name="test_sourceless_claim_fails_closed_after_bounded_repair" time="0.001" /><testcase classname="tests.test_structured_answer" name="test_injection_is_delimited_data_and_cannot_add_tools_or_labels" time="0.001" /><testcase classname="tests.test_structured_answer" name="test_context_budget_keeps_whole_label_content_blocks" time="0.001" /><testcase classname="tests.test_structured_answer" name="test_provider_timeout_or_partial_stream_is_safe_terminal[failure0]" time="0.001" /><testcase classname="tests.test_structured_answer" name="test_provider_timeout_or_partial_stream_is_safe_terminal[failure1]" time="0.001" /><testcase classname="tests.test_structured_answer" name="test_remote_policy_denial_prevents_provider_call" time="0.000" /><testcase classname="tests.test_token_counter" name="test_count_returns_plain_int" time="0.000" /><testcase classname="tests.test_token_counter" name="test_empty_text_counts_zero" time="0.000" /><testcase classname="tests.test_token_counter" name="test_fallback_never_returns_zero_for_non_empty" time="0.000" /><testcase classname="tests.test_token_counter" name="test_fallback_exceeds_naive_reasonable_lower_bound" time="0.000" /><testcase classname="tests.test_token_counter" name="test_fallback_is_deterministic" time="0.000" /><testcase classname="tests.test_token_counter" name="test_fallback_method_descriptor_is_exposed" time="0.000" /><testcase classname="tests.test_token_counter" name="test_report_describes_count_and_method" time="0.000" /><testcase classname="tests.test_token_counter" name="test_auto_detection_prefers_transformers_when_available" time="0.000" /><testcase classname="tests.test_token_counter" name="test_explicit_transformers_true_without_package_raises_import_error" time="0.000" /><testcase classname="tests.test_token_counter" name="test_module_imports_without_heavy_dependency_is_lazy" time="0.000" /><testcase classname="tests.test_v3_data_migration" name="test_identity_hash_is_deterministic_and_content_free" time="0.000" /><testcase classname="tests.test_v3_data_migration" name="test_copy_order_places_dependencies_before_dependents" time="0.000" /></testsuite></testsuites>